<?xml version="1.0" encoding="UTF-8" ?>
<testsuite tests="7" failures="0" name="com.lee1.pojo.MyBatisTest" time="2.31" errors="0" skipped="0">
  <properties>
    <property name="idea.version" value="2021.3.2"/>
    <property name="java.runtime.name" value="OpenJDK Runtime Environment"/>
    <property name="sun.boot.library.path" value="/Users/lee/Library/Java/JavaVirtualMachines/azul-1.8.0_322/Contents/Home/jre/lib"/>
    <property name="java.vm.version" value="25.322-b06"/>
    <property name="gopherProxySet" value="false"/>
    <property name="jdk.vendor.version" value="Zulu 8.60.0.21-CA-macosx"/>
    <property name="java.vm.vendor" value="Azul Systems, Inc."/>
    <property name="maven.multiModuleProjectDirectory" value="/Users/lee/MySkills/The-self-cultivation-of-a-programmer-JavaEcology/JavaWEB"/>
    <property name="java.vendor.url" value="http://www.azul.com/"/>
    <property name="path.separator" value=":"/>
    <property name="guice.disable.misplaced.annotation.check" value="true"/>
    <property name="java.vm.name" value="OpenJDK 64-Bit Server VM"/>
    <property name="file.encoding.pkg" value="sun.io"/>
    <property name="user.country" value="US"/>
    <property name="sun.java.launcher" value="SUN_STANDARD"/>
    <property name="sun.os.patch.level" value="unknown"/>
    <property name="java.vm.specification.name" value="Java Virtual Machine Specification"/>
    <property name="user.dir" value="/Users/lee/MySkills/The-self-cultivation-of-a-programmer-JavaEcology/JavaWEB"/>
    <property name="java.runtime.version" value="1.8.0_322-b06"/>
    <property name="java.awt.graphicsenv" value="sun.awt.CGraphicsEnvironment"/>
    <property name="java.endorsed.dirs" value="/Users/lee/Library/Java/JavaVirtualMachines/azul-1.8.0_322/Contents/Home/jre/lib/endorsed"/>
    <property name="os.arch" value="x86_64"/>
    <property name="java.io.tmpdir" value="/var/folders/p5/rq9_cdt16zg6zhrl1ltdyh900000gn/T/"/>
    <property name="line.separator" value="
"/>
    <property name="java.vm.specification.vendor" value="Oracle Corporation"/>
    <property name="os.name" value="Mac OS X"/>
    <property name="maven.ext.class.path" value="/Applications/IntelliJ IDEA.app/Contents/plugins/maven/lib/maven-event-listener.jar"/>
    <property name="classworlds.conf" value="/Users/lee/Library/apache-maven-3.6.3/bin/m2.conf"/>
    <property name="sun.jnu.encoding" value="UTF-8"/>
    <property name="java.library.path" value="/Users/lee/Library/Java/Extensions:/Library/Java/Extensions:/Network/Library/Java/Extensions:/System/Library/Java/Extensions:/usr/lib/java:."/>
    <property name="maven.conf" value="/Users/lee/Library/apache-maven-3.6.3/conf"/>
    <property name="java.specification.name" value="Java Platform API Specification"/>
    <property name="java.class.version" value="52.0"/>
    <property name="sun.management.compiler" value="HotSpot 64-Bit Tiered Compilers"/>
    <property name="maven.repo.local" value="/Users/lee/Library/apache-maven-3.6.3/repository"/>
    <property name="os.version" value="10.16"/>
    <property name="user.home" value="/Users/lee"/>
    <property name="user.timezone" value="Asia/Shanghai"/>
    <property name="java.awt.printerjob" value="sun.lwawt.macosx.CPrinterJob"/>
    <property name="java.specification.version" value="1.8"/>
    <property name="file.encoding" value="UTF-8"/>
    <property name="user.name" value="lee"/>
    <property name="java.class.path" value="/Users/lee/Library/apache-maven-3.6.3/boot/plexus-classworlds.license:/Users/lee/Library/apache-maven-3.6.3/boot/plexus-classworlds-2.6.0.jar"/>
    <property name="java.vm.specification.version" value="1.8"/>
    <property name="sun.arch.data.model" value="64"/>
    <property name="java.home" value="/Users/lee/Library/Java/JavaVirtualMachines/azul-1.8.0_322/Contents/Home/jre"/>
    <property name="sun.java.command" value="org.codehaus.classworlds.Launcher -Didea.version=2021.3.2 -s /Users/lee/Library/apache-maven-3.6.3/conf/settings.xml -Dmaven.repo.local=/Users/lee/Library/apache-maven-3.6.3/repository install --projects org.example:JavaWEB,org.example:MyBatisModules,org.example:MavenWebModules,org.example:ServletModules,org.example:login-example-modules"/>
    <property name="java.specification.vendor" value="Oracle Corporation"/>
    <property name="user.language" value="en"/>
    <property name="awt.toolkit" value="sun.lwawt.macosx.LWCToolkit"/>
    <property name="java.vm.info" value="mixed mode"/>
    <property name="java.version" value="1.8.0_322"/>
    <property name="java.ext.dirs" value="/Users/lee/Library/Java/Extensions:/Users/lee/Library/Java/JavaVirtualMachines/azul-1.8.0_322/Contents/Home/jre/lib/ext:/Library/Java/Extensions:/Network/Library/Java/Extensions:/System/Library/Java/Extensions:/usr/lib/java"/>
    <property name="sun.boot.class.path" value="/Users/lee/Library/Java/JavaVirtualMachines/azul-1.8.0_322/Contents/Home/jre/lib/resources.jar:/Users/lee/Library/Java/JavaVirtualMachines/azul-1.8.0_322/Contents/Home/jre/lib/rt.jar:/Users/lee/Library/Java/JavaVirtualMachines/azul-1.8.0_322/Contents/Home/jre/lib/sunrsasign.jar:/Users/lee/Library/Java/JavaVirtualMachines/azul-1.8.0_322/Contents/Home/jre/lib/jsse.jar:/Users/lee/Library/Java/JavaVirtualMachines/azul-1.8.0_322/Contents/Home/jre/lib/jce.jar:/Users/lee/Library/Java/JavaVirtualMachines/azul-1.8.0_322/Contents/Home/jre/lib/charsets.jar:/Users/lee/Library/Java/JavaVirtualMachines/azul-1.8.0_322/Contents/Home/jre/lib/jfr.jar:/Users/lee/Library/Java/JavaVirtualMachines/azul-1.8.0_322/Contents/Home/jre/lib/cat.jar:/Users/lee/Library/Java/JavaVirtualMachines/azul-1.8.0_322/Contents/Home/jre/classes"/>
    <property name="java.vendor" value="Azul Systems, Inc."/>
    <property name="maven.home" value="/Users/lee/Library/apache-maven-3.6.3"/>
    <property name="file.separator" value="/"/>
    <property name="java.vendor.url.bug" value="http://www.azul.com/support/"/>
    <property name="sun.cpu.endian" value="little"/>
    <property name="sun.io.unicode.encoding" value="UnicodeBig"/>
    <property name="sun.cpu.isalist" value=""/>
  </properties>
  <testcase classname="com.lee1.pojo.MyBatisTest" name="testSelectByCondition" time="1.474"/>
  <testcase classname="com.lee1.pojo.MyBatisTest" name="testDeleteByIds" time="0.213"/>
  <testcase classname="com.lee1.pojo.MyBatisTest" name="testAdd" time="0.131"/>
  <testcase classname="com.lee1.pojo.MyBatisTest" name="testSelectAll" time="0.132"/>
  <testcase classname="com.lee1.pojo.MyBatisTest" name="testDeleteById" time="0.129"/>
  <testcase classname="com.lee1.pojo.MyBatisTest" name="testUpdate" time="0.113"/>
  <testcase classname="com.lee1.pojo.MyBatisTest" name="testSelectById" time="0.118"/>
</testsuite>